<?xml version="1.0" encoding="UTF-8"?>
<testsuite name="lombok.LombockTest" tests="2" skipped="0" failures="0" errors="0" timestamp="2025-07-08T04:14:40.749Z" hostname="HYEONGGYEONGKIM" time="0.029">
  <properties/>
  <testcase name="test1()" classname="lombok.LombockTest" time="0.028"/>
  <testcase name="test2()" classname="lombok.LombockTest" time="0.0"/>
  <system-out><![CDATA[Test1 ....
Cust(custId=id33, custPwd=pwd33, custName=홍말자, custRegdate=null, custUpdate=null)
Test2 ....
]]></system-out>
  <system-err><![CDATA[]]></system-err>
</testsuite>
